<?xml version="1.0" encoding="UTF-8"?>
<!-- Generated by org.testng.reporters.JUnitReportReporter -->
<testsuite hostname="Karthikas-Air" failures="1" tests="54" name="parallel.parallelrun" time="483.617" errors="0" timestamp="2024-03-28T19:58:38 PDT" skipped="0">
  <testcase classname="parallel.parallelrun" name="runScenario" time="12.465"/>
  <testcase classname="parallel.parallelrun" name="runScenario" time="3.589"/>
  <testcase classname="parallel.parallelrun" name="runScenario" time="5.012"/>
  <testcase classname="parallel.parallelrun" name="runScenario" time="8.144"/>
  <testcase classname="parallel.parallelrun" name="runScenario" time="3.787"/>
  <testcase classname="parallel.parallelrun" name="runScenario" time="14.802"/>
  <testcase classname="parallel.parallelrun" name="runScenario" time="5.657"/>
  <testcase classname="parallel.parallelrun" name="runScenario" time="3.422"/>
  <testcase classname="parallel.parallelrun" name="runScenario" time="8.802"/>
  <testcase classname="parallel.parallelrun" name="runScenario" time="8.304"/>
  <testcase classname="parallel.parallelrun" name="runScenario" time="9.288"/>
  <testcase classname="parallel.parallelrun" name="runScenario" time="7.172"/>
  <testcase classname="parallel.parallelrun" name="runScenario" time="8.604"/>
  <testcase classname="parallel.parallelrun" name="runScenario" time="12.449"/>
  <testcase classname="parallel.parallelrun" name="runScenario" time="3.011"/>
  <testcase classname="parallel.parallelrun" name="runScenario" time="3.656"/>
  <testcase classname="parallel.parallelrun" name="runScenario" time="16.141">
    <failure type="java.lang.AssertionError">
      <![CDATA[java.lang.AssertionError
at org.junit.Assert.fail(Assert.java:86)
at org.junit.Assert.assertTrue(Assert.java:41)
at org.junit.Assert.assertTrue(Assert.java:52)
at parallel.Arrays_S2.message_in_console(Arrays_S2.java:137)
at ✽." Some Tests failed. Please review code" message displayed in console(file:///Users/karthikaramesh/eclipse-workspace/TechNinja_Demo/src/test/resources/parallel/Arrays_S2.feature:75)
]]>
    </failure>
  </testcase> <!-- runScenario -->
  <testcase classname="parallel.parallelrun" name="runScenario" time="3.469"/>
  <testcase classname="parallel.parallelrun" name="runScenario" time="14.834"/>
  <testcase classname="parallel.parallelrun" name="runScenario" time="9.574"/>
  <testcase classname="parallel.parallelrun" name="runScenario" time="8.567"/>
  <testcase classname="parallel.parallelrun" name="runScenario" time="5.517"/>
  <testcase classname="parallel.parallelrun" name="runScenario" time="7.612"/>
  <testcase classname="parallel.parallelrun" name="runScenario" time="9.276"/>
  <testcase classname="parallel.parallelrun" name="runScenario" time="5.913"/>
  <testcase classname="parallel.parallelrun" name="runScenario" time="12.675"/>
  <testcase classname="parallel.parallelrun" name="runScenario" time="8.580"/>
  <testcase classname="parallel.parallelrun" name="runScenario" time="7.587"/>
  <testcase classname="parallel.parallelrun" name="runScenario" time="12.674"/>
  <testcase classname="parallel.parallelrun" name="runScenario" time="22.948"/>
  <testcase classname="parallel.parallelrun" name="runScenario" time="9.168"/>
  <testcase classname="parallel.parallelrun" name="runScenario" time="9.117"/>
  <testcase classname="parallel.parallelrun" name="runScenario" time="8.293"/>
  <testcase classname="parallel.parallelrun" name="runScenario" time="14.773"/>
  <testcase classname="parallel.parallelrun" name="runScenario" time="8.701"/>
  <testcase classname="parallel.parallelrun" name="runScenario" time="7.837"/>
  <testcase classname="parallel.parallelrun" name="runScenario" time="16.349"/>
  <testcase classname="parallel.parallelrun" name="runScenario" time="20.449"/>
  <testcase classname="parallel.parallelrun" name="runScenario" time="7.849"/>
  <testcase classname="parallel.parallelrun" name="runScenario" time="14.799"/>
  <testcase classname="parallel.parallelrun" name="runScenario" time="8.740"/>
  <testcase classname="parallel.parallelrun" name="runScenario" time="8.212"/>
  <testcase classname="parallel.parallelrun" name="runScenario" time="9.540"/>
  <testcase classname="parallel.parallelrun" name="runScenario" time="8.195"/>
  <testcase classname="parallel.parallelrun" name="runScenario" time="5.909"/>
  <testcase classname="parallel.parallelrun" name="runScenario" time="3.710"/>
  <testcase classname="parallel.parallelrun" name="runScenario" time="5.744"/>
  <testcase classname="parallel.parallelrun" name="runScenario" time="7.299"/>
  <testcase classname="parallel.parallelrun" name="runScenario" time="8.280"/>
  <testcase classname="parallel.parallelrun" name="runScenario" time="7.250"/>
  <testcase classname="parallel.parallelrun" name="runScenario" time="3.499"/>
  <testcase classname="parallel.parallelrun" name="runScenario" time="7.585"/>
  <testcase classname="parallel.parallelrun" name="runScenario" time="9.719"/>
  <testcase classname="parallel.parallelrun" name="runScenario" time="9.069"/>
</testsuite> <!-- parallel.parallelrun -->
